<?xml version="1.0" encoding="UTF-8"?>
<!-- Generated by org.testng.reporters.JUnitXMLReporter -->
<testsuite hostname="LAPTOP-VERJL3NI" ignored="0" name="Login page test" tests="3" failures="0" timestamp="26 May 2020 22:17:16 GMT" time="0.034" errors="0">
  <testcase name="@BeforeTest setup" time="0.01" classname="com.qa.hubspot.test.LoginPageTest">
    <failure type="java.lang.NullPointerException">
      <![CDATA[java.lang.NullPointerException
at com.qa.hubspot.base.Basepage.init_driver(Basepage.java:25)
at com.qa.hubspot.test.LoginPageTest.setup(LoginPageTest.java:25)
... Removed 24 stack frames]]>
    </failure>
  </testcase> <!-- @BeforeTest setup -->
  <testcase name="@AfterTest doClose" time="0.0" classname="com.qa.hubspot.test.LoginPageTest">
    <skipped/>
  </testcase> <!-- @AfterTest doClose -->
  <testcase name="doVerifySignupLinkTest" time="0.0" classname="com.qa.hubspot.test.LoginPageTest">
    <skipped/>
  </testcase> <!-- doVerifySignupLinkTest -->
  <testcase name="doVerifyLoginPageTitletest" time="0.0" classname="com.qa.hubspot.test.LoginPageTest">
    <skipped/>
  </testcase> <!-- doVerifyLoginPageTitletest -->
  <testcase name="doVerifyLoginTest" time="0.0" classname="com.qa.hubspot.test.LoginPageTest">
    <skipped/>
  </testcase> <!-- doVerifyLoginTest -->
</testsuite> <!-- Login page test -->
